<?xml version="1.0" encoding="UTF-8"?>
<!-- Generated by org.testng.reporters.JUnitXMLReporter -->
<testsuite hostname="owner-PC" name="Default test" tests="3" failures="0" timestamp="3 Aug 2020 10:32:38 GMT" time="84.439" errors="0">
  <testcase name="logintest" time="0.045" classname="com.ohrm.qa.hybrid.logintest.LoginPageTest"/>
  <testcase name="OHRMlogoTest" time="0.513" classname="com.ohrm.qa.hybrid.logintest.LoginPageTest"/>
  <testcase name="LoginTest" time="1.073" classname="com.ohrm.qa.hybrid.logintest.LoginPageTest"/>
</testsuite> <!-- Default test -->
