<?xml version="1.0" encoding="UTF-8"?>
<testng-results skipped="0" failed="0" total="3" passed="3">
  <reporter-output>
  </reporter-output>
  <suite name="Default suite" duration-ms="84439" started-at="2020-08-03T10:31:14Z" finished-at="2020-08-03T10:32:38Z">
    <groups>
    </groups>
    <test name="Default test" duration-ms="84439" started-at="2020-08-03T10:31:14Z" finished-at="2020-08-03T10:32:38Z">
      <class name="com.ohrm.qa.hybrid.logintest.LoginPageTest">
        <test-method status="PASS" signature="setup()[pri:0, instance:com.ohrm.qa.hybrid.logintest.LoginPageTest@ee68d8]" name="setup" is-config="true" duration-ms="58283" started-at="2020-08-03T16:01:14Z" finished-at="2020-08-03T16:02:12Z">
          <reporter-output>
          </reporter-output>
        </test-method> <!-- setup -->
        <test-method status="PASS" signature="logintest()[pri:1, instance:com.ohrm.qa.hybrid.logintest.LoginPageTest@ee68d8]" name="logintest" duration-ms="45" started-at="2020-08-03T16:02:12Z" finished-at="2020-08-03T16:02:12Z">
          <reporter-output>
          </reporter-output>
        </test-method> <!-- logintest -->
        <test-method status="PASS" signature="tearDown()[pri:0, instance:com.ohrm.qa.hybrid.logintest.LoginPageTest@ee68d8]" name="tearDown" is-config="true" duration-ms="838" started-at="2020-08-03T16:02:12Z" finished-at="2020-08-03T16:02:13Z">
          <reporter-output>
          </reporter-output>
        </test-method> <!-- tearDown -->
        <test-method status="PASS" signature="setup()[pri:0, instance:com.ohrm.qa.hybrid.logintest.LoginPageTest@ee68d8]" name="setup" is-config="true" duration-ms="11482" started-at="2020-08-03T16:02:13Z" finished-at="2020-08-03T16:02:25Z">
          <reporter-output>
          </reporter-output>
        </test-method> <!-- setup -->
        <test-method status="PASS" signature="OHRMlogoTest()[pri:2, instance:com.ohrm.qa.hybrid.logintest.LoginPageTest@ee68d8]" name="OHRMlogoTest" duration-ms="513" started-at="2020-08-03T16:02:25Z" finished-at="2020-08-03T16:02:25Z">
          <reporter-output>
          </reporter-output>
        </test-method> <!-- OHRMlogoTest -->
        <test-method status="PASS" signature="tearDown()[pri:0, instance:com.ohrm.qa.hybrid.logintest.LoginPageTest@ee68d8]" name="tearDown" is-config="true" duration-ms="794" started-at="2020-08-03T16:02:25Z" finished-at="2020-08-03T16:02:26Z">
          <reporter-output>
          </reporter-output>
        </test-method> <!-- tearDown -->
        <test-method status="PASS" signature="setup()[pri:0, instance:com.ohrm.qa.hybrid.logintest.LoginPageTest@ee68d8]" name="setup" is-config="true" duration-ms="10640" started-at="2020-08-03T16:02:26Z" finished-at="2020-08-03T16:02:36Z">
          <reporter-output>
          </reporter-output>
        </test-method> <!-- setup -->
        <test-method status="PASS" signature="LoginTest()[pri:3, instance:com.ohrm.qa.hybrid.logintest.LoginPageTest@ee68d8]" name="LoginTest" duration-ms="1073" started-at="2020-08-03T16:02:36Z" finished-at="2020-08-03T16:02:38Z">
          <reporter-output>
          </reporter-output>
        </test-method> <!-- LoginTest -->
        <test-method status="PASS" signature="tearDown()[pri:0, instance:com.ohrm.qa.hybrid.logintest.LoginPageTest@ee68d8]" name="tearDown" is-config="true" duration-ms="733" started-at="2020-08-03T16:02:38Z" finished-at="2020-08-03T16:02:38Z">
          <reporter-output>
          </reporter-output>
        </test-method> <!-- tearDown -->
      </class> <!-- com.ohrm.qa.hybrid.logintest.LoginPageTest -->
    </test> <!-- Default test -->
  </suite> <!-- Default suite -->
</testng-results>
